<?xml version="1.0" encoding="UTF-8"?>
<!-- Generated by org.testng.reporters.JUnitReportReporter -->
<testsuite skipped="0" hostname="DESKTOP-FCLS8O9" name="Page_Object_Model.copy.RubyOnRailsTestScripts" tests="4" failures="0" timestamp="2020-07-09T05:00:07 CDT" time="54.364" errors="0">
  <testcase name="VerifyRubyOnRailsLink" time="20.227" classname="Page_Object_Model.copy.RubyOnRailsTestScripts"/>
  <testcase name="TopLanguages_Ruby_Link" time="12.246" classname="Page_Object_Model.copy.RubyOnRailsTestScripts"/>
  <testcase name="FindARepositorySearch" time="10.740" classname="Page_Object_Model.copy.RubyOnRailsTestScripts"/>
  <testcase name="VerifyRubyOnRailsImage" time="11.151" classname="Page_Object_Model.copy.RubyOnRailsTestScripts"/>
</testsuite> <!-- Page_Object_Model.copy.RubyOnRailsTestScripts -->
