<?xml version="1.0" encoding="UTF-8"?>
<!-- Generated by org.testng.reporters.JUnitReportReporter -->
<testsuite skipped="0" hostname="DESKTOP-FCLS8O9" name="Automation_suite.FlightClubSmokeTest" tests="7" failures="0" timestamp="2020-05-08T08:52:36 CDT" time="86.743" errors="0">
  <testcase name="ValidateSearchBar" time="15.253" classname="Automation_suite.FlightClubSmokeTest"/>
  <testcase name="ValidateAirJordans" time="12.019" classname="Automation_suite.FlightClubSmokeTest"/>
  <testcase name="ValidateYeezy" time="12.107" classname="Automation_suite.FlightClubSmokeTest"/>
  <testcase name="ValidateMoreSneakers" time="11.383" classname="Automation_suite.FlightClubSmokeTest"/>
  <testcase name="ValidateAdidas" time="12.430" classname="Automation_suite.FlightClubSmokeTest"/>
  <testcase name="ValidateNewReleases" time="11.603" classname="Automation_suite.FlightClubSmokeTest"/>
  <testcase name="ValidatePriceDrops" time="11.948" classname="Automation_suite.FlightClubSmokeTest"/>
</testsuite> <!-- Automation_suite.FlightClubSmokeTest -->
