<?xml version="1.0" encoding="UTF-8"?>
<!-- Generated by org.testng.reporters.JUnitReportReporter -->
<testsuite skipped="0" hostname="DESKTOP-FCLS8O9" name="Page_Object_Model.TestScripts" tests="1" failures="0" timestamp="2020-05-11T19:25:30 CDT" time="14.074" errors="0">
  <testcase name="login" time="14.074" classname="Page_Object_Model.TestScripts"/>
</testsuite> <!-- Page_Object_Model.TestScripts -->
